[INFO  - 2019-11-05T17:13:56.635Z] GhostDriver - Main - running on port 47496
[INFO  - 2019-11-05T17:13:56.944Z] Session [a6a1d0c0-ffef-11e9-bb44-2142a13220c5] - page.settings - {"XSSAuditingEnabled":false,"javascriptCanCloseWindows":true,"javascriptCanOpenWindows":true,"javascriptEnabled":true,"loadImages":true,"localToRemoteUrlAccessEnabled":false,"userAgent":"Mozilla/5.0 (Macintosh; Intel Mac OS X) AppleWebKit/538.1 (KHTML, like Gecko) PhantomJS/2.1.1 Safari/538.1","webSecurityEnabled":true}
[INFO  - 2019-11-05T17:13:56.944Z] Session [a6a1d0c0-ffef-11e9-bb44-2142a13220c5] - page.customHeaders:  - {}
[INFO  - 2019-11-05T17:13:56.944Z] Session [a6a1d0c0-ffef-11e9-bb44-2142a13220c5] - Session.negotiatedCapabilities - {"browserName":"phantomjs","version":"2.1.1","driverName":"ghostdriver","driverVersion":"1.2.0","platform":"mac-unknown-64bit","javascriptEnabled":true,"takesScreenshot":true,"handlesAlerts":false,"databaseEnabled":false,"locationContextEnabled":false,"applicationCacheEnabled":false,"browserConnectionEnabled":false,"cssSelectorsEnabled":true,"webStorageEnabled":false,"rotatable":false,"acceptSslCerts":false,"nativeEvents":true,"proxy":{"proxyType":"direct"}}
[INFO  - 2019-11-05T17:13:56.944Z] SessionManagerReqHand - _postNewSessionCommand - New Session Created: a6a1d0c0-ffef-11e9-bb44-2142a13220c5
[INFO  - 2019-11-05T17:13:58.700Z] ShutdownReqHand - _handle - About to shutdown
[INFO  - 2019-11-05T17:31:52.626Z] GhostDriver - Main - running on port 12611
[INFO  - 2019-11-05T17:31:53.157Z] Session [281b0a20-fff2-11e9-bf2e-253f1b124760] - page.settings - {"XSSAuditingEnabled":false,"javascriptCanCloseWindows":true,"javascriptCanOpenWindows":true,"javascriptEnabled":true,"loadImages":true,"localToRemoteUrlAccessEnabled":false,"userAgent":"Mozilla/5.0 (Macintosh; Intel Mac OS X) AppleWebKit/538.1 (KHTML, like Gecko) PhantomJS/2.1.1 Safari/538.1","webSecurityEnabled":true}
[INFO  - 2019-11-05T17:31:53.157Z] Session [281b0a20-fff2-11e9-bf2e-253f1b124760] - page.customHeaders:  - {}
[INFO  - 2019-11-05T17:31:53.157Z] Session [281b0a20-fff2-11e9-bf2e-253f1b124760] - Session.negotiatedCapabilities - {"browserName":"phantomjs","version":"2.1.1","driverName":"ghostdriver","driverVersion":"1.2.0","platform":"mac-unknown-64bit","javascriptEnabled":true,"takesScreenshot":true,"handlesAlerts":false,"databaseEnabled":false,"locationContextEnabled":false,"applicationCacheEnabled":false,"browserConnectionEnabled":false,"cssSelectorsEnabled":true,"webStorageEnabled":false,"rotatable":false,"acceptSslCerts":false,"nativeEvents":true,"proxy":{"proxyType":"direct"}}
[INFO  - 2019-11-05T17:31:53.157Z] SessionManagerReqHand - _postNewSessionCommand - New Session Created: 281b0a20-fff2-11e9-bf2e-253f1b124760
[ERROR - 2019-11-05T17:31:55.679Z] Session [281b0a20-fff2-11e9-bf2e-253f1b124760] - page.onError - msg: Error: [mobx.array] Index out of bounds, function (s, l) {var a,f,p=l===n.length-1,d=(0,t.default)((c(a={},i.flyoutSectionListElement,!0),c(a,i.flyoutLastElement,p&&u),a)),y=(0,t.default)((c(f={},i.textWrapper,!0),c(f,i.notFoundWrapper,r.props.isNotFoundStyle),f));return e.createElement("li",{key:l,className:d,onClick:r.handleTermClick(s)},e.createElement("div",{className:i.flyoutSectionTextElement},e.createElement("div",{className:y},(0,o.strongifyMatchingText)(s,r.props.searchQuery))));} is larger than 0
[ERROR - 2019-11-05T17:31:55.679Z] Session [281b0a20-fff2-11e9-bf2e-253f1b124760] - page.onError - stack:
  apply (:0)
[ERROR - 2019-11-05T17:31:55.690Z] Session [281b0a20-fff2-11e9-bf2e-253f1b124760] - page.onError - msg: TypeError: Type error
[ERROR - 2019-11-05T17:31:55.691Z] Session [281b0a20-fff2-11e9-bf2e-253f1b124760] - page.onError - stack:
  apply (:0)
[ERROR - 2019-11-05T17:31:55.694Z] Session [281b0a20-fff2-11e9-bf2e-253f1b124760] - page.onError - msg: Error: [mobx.array] Index out of bounds, function (e, r) {return t.createElement(u.default,{key:r,sourceTypeTwo:"reco",sourceIdTwo:"trending-outfits",sourceTypeThree:"header-flyout"},t.createElement("div",{key:e,className:a.tile,onClick:function(){return o()}},t.createElement(i.default,{key:r,id:e,customStyles:a,position:r,showLike:!1,imageSize:400})));} is larger than 4
[ERROR - 2019-11-05T17:31:55.694Z] Session [281b0a20-fff2-11e9-bf2e-253f1b124760] - page.onError - stack:
  apply (:0)
[ERROR - 2019-11-05T17:31:55.696Z] Session [281b0a20-fff2-11e9-bf2e-253f1b124760] - page.onError - msg: Error: [mobx.array] Index out of bounds, function (e, r) {return t.createElement(a.default,{sourceTypeTwo:"reco",sourceIdTwo:"trending-stories",sourceTypeThree:"header-flyout",key:e},t.createElement("div",{key:e,className:l.tile,onClick:function(){return o()}},t.createElement(i.default,{id:e,useMobileImage:!0,customStyles:l,position:r,imageSize:400,showSaleBubble:!1,location:"singleStoryBadge"})));} is larger than 4
[ERROR - 2019-11-05T17:31:55.696Z] Session [281b0a20-fff2-11e9-bf2e-253f1b124760] - page.onError - stack:
  apply (:0)
[ERROR - 2019-11-05T17:31:55.761Z] Session [281b0a20-fff2-11e9-bf2e-253f1b124760] - page.onError - msg: RangeError: Maximum call stack size exceeded.
[ERROR - 2019-11-05T17:31:55.761Z] Session [281b0a20-fff2-11e9-bf2e-253f1b124760] - page.onError - stack:
  apply (:0)
[ERROR - 2019-11-05T17:31:56.079Z] Session [281b0a20-fff2-11e9-bf2e-253f1b124760] - page.onError - msg: RangeError: Maximum call stack size exceeded.
[ERROR - 2019-11-05T17:31:56.079Z] Session [281b0a20-fff2-11e9-bf2e-253f1b124760] - page.onError - stack:
  apply (:0)
[ERROR - 2019-11-05T17:31:56.443Z] Session [281b0a20-fff2-11e9-bf2e-253f1b124760] - page.onError - msg: RangeError: Maximum call stack size exceeded.
[ERROR - 2019-11-05T17:31:56.443Z] Session [281b0a20-fff2-11e9-bf2e-253f1b124760] - page.onError - stack:
  apply (:0)
[ERROR - 2019-11-05T17:31:56.831Z] Session [281b0a20-fff2-11e9-bf2e-253f1b124760] - page.onError - msg: RangeError: Maximum call stack size exceeded.
[ERROR - 2019-11-05T17:31:56.831Z] Session [281b0a20-fff2-11e9-bf2e-253f1b124760] - page.onError - stack:
  apply (:0)
[ERROR - 2019-11-05T17:31:57.374Z] Session [281b0a20-fff2-11e9-bf2e-253f1b124760] - page.onError - msg: RangeError: Maximum call stack size exceeded.
[ERROR - 2019-11-05T17:31:57.374Z] Session [281b0a20-fff2-11e9-bf2e-253f1b124760] - page.onError - stack:
  apply (:0)
[ERROR - 2019-11-05T17:31:57.919Z] Session [281b0a20-fff2-11e9-bf2e-253f1b124760] - page.onError - msg: RangeError: Maximum call stack size exceeded.
[ERROR - 2019-11-05T17:31:57.920Z] Session [281b0a20-fff2-11e9-bf2e-253f1b124760] - page.onError - stack:
  apply (:0)
[ERROR - 2019-11-05T17:31:58.453Z] Session [281b0a20-fff2-11e9-bf2e-253f1b124760] - page.onError - msg: RangeError: Maximum call stack size exceeded.
[ERROR - 2019-11-05T17:31:58.453Z] Session [281b0a20-fff2-11e9-bf2e-253f1b124760] - page.onError - stack:
  apply (:0)
[ERROR - 2019-11-05T17:31:59.187Z] Session [281b0a20-fff2-11e9-bf2e-253f1b124760] - page.onError - msg: Error: [mobx.array] Index out of bounds, function (r) {var i=e.getFilterName(t,r);return i?{id:r,slug:t,name:i}:null;} is larger than 0
[ERROR - 2019-11-05T17:31:59.187Z] Session [281b0a20-fff2-11e9-bf2e-253f1b124760] - page.onError - stack:
  apply (:0)
[ERROR - 2019-11-05T17:31:59.754Z] Session [281b0a20-fff2-11e9-bf2e-253f1b124760] - page.onError - msg: Error: [mobx.array] Index out of bounds, function (e) {return t.app.service.outfits.getById(e);} is larger than 3
[ERROR - 2019-11-05T17:31:59.754Z] Session [281b0a20-fff2-11e9-bf2e-253f1b124760] - page.onError - stack:
  apply (:0)
[ERROR - 2019-11-05T17:32:00.280Z] Session [281b0a20-fff2-11e9-bf2e-253f1b124760] - page.onError - msg: Error: [mobx.array] Index out of bounds, function (e) {return{name:e.name,href:e.url}} is larger than 2
[ERROR - 2019-11-05T17:32:00.281Z] Session [281b0a20-fff2-11e9-bf2e-253f1b124760] - page.onError - stack:
  apply (:0)
[ERROR - 2019-11-05T17:32:00.792Z] Session [281b0a20-fff2-11e9-bf2e-253f1b124760] - page.onError - msg: TypeError: undefined is not an object (evaluating 'r.values.map')
[ERROR - 2019-11-05T17:32:00.792Z] Session [281b0a20-fff2-11e9-bf2e-253f1b124760] - page.onError - stack:
  apply (:0)
[ERROR - 2019-11-05T17:32:01.337Z] Session [281b0a20-fff2-11e9-bf2e-253f1b124760] - page.onError - msg: Error: [mobx.array] Index out of bounds, function (s, l) {var a,f,p=l===n.length-1,d=(0,t.default)((c(a={},i.flyoutSectionListElement,!0),c(a,i.flyoutLastElement,p&&u),a)),y=(0,t.default)((c(f={},i.textWrapper,!0),c(f,i.notFoundWrapper,r.props.isNotFoundStyle),f));return e.createElement("li",{key:l,className:d,onClick:r.handleTermClick(s)},e.createElement("div",{className:i.flyoutSectionTextElement},e.createElement("div",{className:y},(0,o.strongifyMatchingText)(s,r.props.searchQuery))));} is larger than 0
[ERROR - 2019-11-05T17:32:01.337Z] Session [281b0a20-fff2-11e9-bf2e-253f1b124760] - page.onError - stack:
  apply (:0)
[ERROR - 2019-11-05T17:32:10.003Z] WebElementLocator - _handleLocateCommand - Element(s) NOT Found: GAVE UP. Search Stop Time: 1572975129968
[INFO  - 2019-11-05T17:32:50.781Z] GhostDriver - Main - running on port 37004
[INFO  - 2019-11-05T17:32:51.517Z] Session [4ae3c380-fff2-11e9-a64e-4da171cfecb8] - page.settings - {"XSSAuditingEnabled":false,"javascriptCanCloseWindows":true,"javascriptCanOpenWindows":true,"javascriptEnabled":true,"loadImages":true,"localToRemoteUrlAccessEnabled":false,"userAgent":"Mozilla/5.0 (Macintosh; Intel Mac OS X) AppleWebKit/538.1 (KHTML, like Gecko) PhantomJS/2.1.1 Safari/538.1","webSecurityEnabled":true}
[INFO  - 2019-11-05T17:32:51.517Z] Session [4ae3c380-fff2-11e9-a64e-4da171cfecb8] - page.customHeaders:  - {}
[INFO  - 2019-11-05T17:32:51.517Z] Session [4ae3c380-fff2-11e9-a64e-4da171cfecb8] - Session.negotiatedCapabilities - {"browserName":"phantomjs","version":"2.1.1","driverName":"ghostdriver","driverVersion":"1.2.0","platform":"mac-unknown-64bit","javascriptEnabled":true,"takesScreenshot":true,"handlesAlerts":false,"databaseEnabled":false,"locationContextEnabled":false,"applicationCacheEnabled":false,"browserConnectionEnabled":false,"cssSelectorsEnabled":true,"webStorageEnabled":false,"rotatable":false,"acceptSslCerts":false,"nativeEvents":true,"proxy":{"proxyType":"direct"}}
[INFO  - 2019-11-05T17:32:51.517Z] SessionManagerReqHand - _postNewSessionCommand - New Session Created: 4ae3c380-fff2-11e9-a64e-4da171cfecb8
[ERROR - 2019-11-05T17:32:54.079Z] Session [4ae3c380-fff2-11e9-a64e-4da171cfecb8] - page.onError - msg: Error: [mobx.array] Index out of bounds, function (s, l) {var a,f,p=l===n.length-1,d=(0,t.default)((c(a={},i.flyoutSectionListElement,!0),c(a,i.flyoutLastElement,p&&u),a)),y=(0,t.default)((c(f={},i.textWrapper,!0),c(f,i.notFoundWrapper,r.props.isNotFoundStyle),f));return e.createElement("li",{key:l,className:d,onClick:r.handleTermClick(s)},e.createElement("div",{className:i.flyoutSectionTextElement},e.createElement("div",{className:y},(0,o.strongifyMatchingText)(s,r.props.searchQuery))));} is larger than 0
[ERROR - 2019-11-05T17:32:54.080Z] Session [4ae3c380-fff2-11e9-a64e-4da171cfecb8] - page.onError - stack:
  apply (:0)
[ERROR - 2019-11-05T17:32:54.090Z] Session [4ae3c380-fff2-11e9-a64e-4da171cfecb8] - page.onError - msg: TypeError: Type error
[ERROR - 2019-11-05T17:32:54.090Z] Session [4ae3c380-fff2-11e9-a64e-4da171cfecb8] - page.onError - stack:
  apply (:0)
[ERROR - 2019-11-05T17:32:54.093Z] Session [4ae3c380-fff2-11e9-a64e-4da171cfecb8] - page.onError - msg: Error: [mobx.array] Index out of bounds, function (e, r) {return t.createElement(u.default,{key:r,sourceTypeTwo:"reco",sourceIdTwo:"trending-outfits",sourceTypeThree:"header-flyout"},t.createElement("div",{key:e,className:a.tile,onClick:function(){return o()}},t.createElement(i.default,{key:r,id:e,customStyles:a,position:r,showLike:!1,imageSize:400})));} is larger than 4
[ERROR - 2019-11-05T17:32:54.093Z] Session [4ae3c380-fff2-11e9-a64e-4da171cfecb8] - page.onError - stack:
  apply (:0)
[ERROR - 2019-11-05T17:32:54.095Z] Session [4ae3c380-fff2-11e9-a64e-4da171cfecb8] - page.onError - msg: Error: [mobx.array] Index out of bounds, function (e, r) {return t.createElement(a.default,{sourceTypeTwo:"reco",sourceIdTwo:"trending-stories",sourceTypeThree:"header-flyout",key:e},t.createElement("div",{key:e,className:l.tile,onClick:function(){return o()}},t.createElement(i.default,{id:e,useMobileImage:!0,customStyles:l,position:r,imageSize:400,showSaleBubble:!1,location:"singleStoryBadge"})));} is larger than 4
[ERROR - 2019-11-05T17:32:54.095Z] Session [4ae3c380-fff2-11e9-a64e-4da171cfecb8] - page.onError - stack:
  apply (:0)
[ERROR - 2019-11-05T17:32:54.170Z] Session [4ae3c380-fff2-11e9-a64e-4da171cfecb8] - page.onError - msg: RangeError: Maximum call stack size exceeded.
[ERROR - 2019-11-05T17:32:54.170Z] Session [4ae3c380-fff2-11e9-a64e-4da171cfecb8] - page.onError - stack:
  apply (:0)
[ERROR - 2019-11-05T17:32:54.540Z] Session [4ae3c380-fff2-11e9-a64e-4da171cfecb8] - page.onError - msg: RangeError: Maximum call stack size exceeded.
[ERROR - 2019-11-05T17:32:54.540Z] Session [4ae3c380-fff2-11e9-a64e-4da171cfecb8] - page.onError - stack:
  apply (:0)
[ERROR - 2019-11-05T17:32:54.948Z] Session [4ae3c380-fff2-11e9-a64e-4da171cfecb8] - page.onError - msg: RangeError: Maximum call stack size exceeded.
[ERROR - 2019-11-05T17:32:54.948Z] Session [4ae3c380-fff2-11e9-a64e-4da171cfecb8] - page.onError - stack:
  apply (:0)
[ERROR - 2019-11-05T17:32:55.411Z] Session [4ae3c380-fff2-11e9-a64e-4da171cfecb8] - page.onError - msg: RangeError: Maximum call stack size exceeded.
[ERROR - 2019-11-05T17:32:55.411Z] Session [4ae3c380-fff2-11e9-a64e-4da171cfecb8] - page.onError - stack:
  apply (:0)
[ERROR - 2019-11-05T17:32:55.981Z] Session [4ae3c380-fff2-11e9-a64e-4da171cfecb8] - page.onError - msg: RangeError: Maximum call stack size exceeded.
[ERROR - 2019-11-05T17:32:55.981Z] Session [4ae3c380-fff2-11e9-a64e-4da171cfecb8] - page.onError - stack:
  apply (:0)
[ERROR - 2019-11-05T17:32:56.732Z] Session [4ae3c380-fff2-11e9-a64e-4da171cfecb8] - page.onError - msg: RangeError: Maximum call stack size exceeded.
[ERROR - 2019-11-05T17:32:56.732Z] Session [4ae3c380-fff2-11e9-a64e-4da171cfecb8] - page.onError - stack:
  apply (:0)
[ERROR - 2019-11-05T17:32:57.492Z] Session [4ae3c380-fff2-11e9-a64e-4da171cfecb8] - page.onError - msg: RangeError: Maximum call stack size exceeded.
[ERROR - 2019-11-05T17:32:57.492Z] Session [4ae3c380-fff2-11e9-a64e-4da171cfecb8] - page.onError - stack:
  apply (:0)
[ERROR - 2019-11-05T17:32:58.322Z] Session [4ae3c380-fff2-11e9-a64e-4da171cfecb8] - page.onError - msg: Error: [mobx.array] Index out of bounds, function (r) {var i=e.getFilterName(t,r);return i?{id:r,slug:t,name:i}:null;} is larger than 0
[ERROR - 2019-11-05T17:32:58.323Z] Session [4ae3c380-fff2-11e9-a64e-4da171cfecb8] - page.onError - stack:
  apply (:0)
[ERROR - 2019-11-05T17:32:59.092Z] Session [4ae3c380-fff2-11e9-a64e-4da171cfecb8] - page.onError - msg: Error: [mobx.array] Index out of bounds, function (e) {return t.app.service.outfits.getById(e);} is larger than 3
[ERROR - 2019-11-05T17:32:59.092Z] Session [4ae3c380-fff2-11e9-a64e-4da171cfecb8] - page.onError - stack:
  apply (:0)
[ERROR - 2019-11-05T17:32:59.949Z] Session [4ae3c380-fff2-11e9-a64e-4da171cfecb8] - page.onError - msg: Error: [mobx.array] Index out of bounds, function (e) {return{name:e.name,href:e.url}} is larger than 2
[ERROR - 2019-11-05T17:32:59.950Z] Session [4ae3c380-fff2-11e9-a64e-4da171cfecb8] - page.onError - stack:
  apply (:0)
[ERROR - 2019-11-05T17:33:01.071Z] Session [4ae3c380-fff2-11e9-a64e-4da171cfecb8] - page.onError - msg: TypeError: undefined is not an object (evaluating 'r.values.map')
[ERROR - 2019-11-05T17:33:01.072Z] Session [4ae3c380-fff2-11e9-a64e-4da171cfecb8] - page.onError - stack:
  apply (:0)
[ERROR - 2019-11-05T17:33:02.384Z] Session [4ae3c380-fff2-11e9-a64e-4da171cfecb8] - page.onError - msg: Error: [mobx.array] Index out of bounds, function (s, l) {var a,f,p=l===n.length-1,d=(0,t.default)((c(a={},i.flyoutSectionListElement,!0),c(a,i.flyoutLastElement,p&&u),a)),y=(0,t.default)((c(f={},i.textWrapper,!0),c(f,i.notFoundWrapper,r.props.isNotFoundStyle),f));return e.createElement("li",{key:l,className:d,onClick:r.handleTermClick(s)},e.createElement("div",{className:i.flyoutSectionTextElement},e.createElement("div",{className:y},(0,o.strongifyMatchingText)(s,r.props.searchQuery))));} is larger than 0
[ERROR - 2019-11-05T17:33:02.384Z] Session [4ae3c380-fff2-11e9-a64e-4da171cfecb8] - page.onError - stack:
  apply (:0)
[INFO  - 2019-11-05T17:37:03.294Z] SessionManagerReqHand - _cleanupWindowlessSessions - Asynchronous Sessions clean-up phase starting NOW
[INFO  - 2019-11-05T17:37:17.419Z] ShutdownReqHand - _handle - About to shutdown
[INFO  - 2019-11-05T17:41:43.104Z] GhostDriver - Main - running on port 4306
[INFO  - 2019-11-05T17:41:43.503Z] Session [87fa89b0-fff3-11e9-b14b-2f1b623f26c9] - page.settings - {"XSSAuditingEnabled":false,"javascriptCanCloseWindows":true,"javascriptCanOpenWindows":true,"javascriptEnabled":true,"loadImages":true,"localToRemoteUrlAccessEnabled":false,"userAgent":"Mozilla/5.0 (Macintosh; Intel Mac OS X) AppleWebKit/538.1 (KHTML, like Gecko) PhantomJS/2.1.1 Safari/538.1","webSecurityEnabled":true}
[INFO  - 2019-11-05T17:41:43.503Z] Session [87fa89b0-fff3-11e9-b14b-2f1b623f26c9] - page.customHeaders:  - {}
[INFO  - 2019-11-05T17:41:43.503Z] Session [87fa89b0-fff3-11e9-b14b-2f1b623f26c9] - Session.negotiatedCapabilities - {"browserName":"phantomjs","version":"2.1.1","driverName":"ghostdriver","driverVersion":"1.2.0","platform":"mac-unknown-64bit","javascriptEnabled":true,"takesScreenshot":true,"handlesAlerts":false,"databaseEnabled":false,"locationContextEnabled":false,"applicationCacheEnabled":false,"browserConnectionEnabled":false,"cssSelectorsEnabled":true,"webStorageEnabled":false,"rotatable":false,"acceptSslCerts":false,"nativeEvents":true,"proxy":{"proxyType":"direct"}}
[INFO  - 2019-11-05T17:41:43.503Z] SessionManagerReqHand - _postNewSessionCommand - New Session Created: 87fa89b0-fff3-11e9-b14b-2f1b623f26c9
[ERROR - 2019-11-05T17:41:45.862Z] Session [87fa89b0-fff3-11e9-b14b-2f1b623f26c9] - page.onError - msg: Error: [mobx.array] Index out of bounds, function (s, l) {var a,f,p=l===n.length-1,d=(0,t.default)((c(a={},i.flyoutSectionListElement,!0),c(a,i.flyoutLastElement,p&&u),a)),y=(0,t.default)((c(f={},i.textWrapper,!0),c(f,i.notFoundWrapper,r.props.isNotFoundStyle),f));return e.createElement("li",{key:l,className:d,onClick:r.handleTermClick(s)},e.createElement("div",{className:i.flyoutSectionTextElement},e.createElement("div",{className:y},(0,o.strongifyMatchingText)(s,r.props.searchQuery))));} is larger than 0
[ERROR - 2019-11-05T17:41:45.862Z] Session [87fa89b0-fff3-11e9-b14b-2f1b623f26c9] - page.onError - stack:
  apply (:0)
[ERROR - 2019-11-05T17:41:45.870Z] Session [87fa89b0-fff3-11e9-b14b-2f1b623f26c9] - page.onError - msg: TypeError: Type error
[ERROR - 2019-11-05T17:41:45.871Z] Session [87fa89b0-fff3-11e9-b14b-2f1b623f26c9] - page.onError - stack:
  apply (:0)
[ERROR - 2019-11-05T17:41:45.874Z] Session [87fa89b0-fff3-11e9-b14b-2f1b623f26c9] - page.onError - msg: Error: [mobx.array] Index out of bounds, function (e, r) {return t.createElement(u.default,{key:r,sourceTypeTwo:"reco",sourceIdTwo:"trending-outfits",sourceTypeThree:"header-flyout"},t.createElement("div",{key:e,className:a.tile,onClick:function(){return o()}},t.createElement(i.default,{key:r,id:e,customStyles:a,position:r,showLike:!1,imageSize:400})));} is larger than 4
[ERROR - 2019-11-05T17:41:45.874Z] Session [87fa89b0-fff3-11e9-b14b-2f1b623f26c9] - page.onError - stack:
  apply (:0)
[ERROR - 2019-11-05T17:41:45.876Z] Session [87fa89b0-fff3-11e9-b14b-2f1b623f26c9] - page.onError - msg: Error: [mobx.array] Index out of bounds, function (e, r) {return t.createElement(a.default,{sourceTypeTwo:"reco",sourceIdTwo:"trending-stories",sourceTypeThree:"header-flyout",key:e},t.createElement("div",{key:e,className:l.tile,onClick:function(){return o()}},t.createElement(i.default,{id:e,useMobileImage:!0,customStyles:l,position:r,imageSize:400,showSaleBubble:!1,location:"singleStoryBadge"})));} is larger than 4
[ERROR - 2019-11-05T17:41:45.876Z] Session [87fa89b0-fff3-11e9-b14b-2f1b623f26c9] - page.onError - stack:
  apply (:0)
[ERROR - 2019-11-05T17:41:45.948Z] Session [87fa89b0-fff3-11e9-b14b-2f1b623f26c9] - page.onError - msg: RangeError: Maximum call stack size exceeded.
[ERROR - 2019-11-05T17:41:45.948Z] Session [87fa89b0-fff3-11e9-b14b-2f1b623f26c9] - page.onError - stack:
  apply (:0)
[ERROR - 2019-11-05T17:41:46.247Z] Session [87fa89b0-fff3-11e9-b14b-2f1b623f26c9] - page.onError - msg: RangeError: Maximum call stack size exceeded.
[ERROR - 2019-11-05T17:41:46.247Z] Session [87fa89b0-fff3-11e9-b14b-2f1b623f26c9] - page.onError - stack:
  apply (:0)
[ERROR - 2019-11-05T17:41:46.634Z] Session [87fa89b0-fff3-11e9-b14b-2f1b623f26c9] - page.onError - msg: RangeError: Maximum call stack size exceeded.
[ERROR - 2019-11-05T17:41:46.634Z] Session [87fa89b0-fff3-11e9-b14b-2f1b623f26c9] - page.onError - stack:
  apply (:0)
[INFO  - 2019-11-05T17:41:52.828Z] SessionManagerReqHand - _cleanupWindowlessSessions - Asynchronous Sessions clean-up phase starting NOW
[INFO  - 2019-11-05T17:44:59.819Z] GhostDriver - Main - running on port 8310
[INFO  - 2019-11-05T17:45:00.072Z] Session [fd249640-fff3-11e9-b832-cf956499e407] - page.settings - {"XSSAuditingEnabled":false,"javascriptCanCloseWindows":true,"javascriptCanOpenWindows":true,"javascriptEnabled":true,"loadImages":true,"localToRemoteUrlAccessEnabled":false,"userAgent":"Mozilla/5.0 (Macintosh; Intel Mac OS X) AppleWebKit/538.1 (KHTML, like Gecko) PhantomJS/2.1.1 Safari/538.1","webSecurityEnabled":true}
[INFO  - 2019-11-05T17:45:00.072Z] Session [fd249640-fff3-11e9-b832-cf956499e407] - page.customHeaders:  - {}
[INFO  - 2019-11-05T17:45:00.072Z] Session [fd249640-fff3-11e9-b832-cf956499e407] - Session.negotiatedCapabilities - {"browserName":"phantomjs","version":"2.1.1","driverName":"ghostdriver","driverVersion":"1.2.0","platform":"mac-unknown-64bit","javascriptEnabled":true,"takesScreenshot":true,"handlesAlerts":false,"databaseEnabled":false,"locationContextEnabled":false,"applicationCacheEnabled":false,"browserConnectionEnabled":false,"cssSelectorsEnabled":true,"webStorageEnabled":false,"rotatable":false,"acceptSslCerts":false,"nativeEvents":true,"proxy":{"proxyType":"direct"}}
[INFO  - 2019-11-05T17:45:00.072Z] SessionManagerReqHand - _postNewSessionCommand - New Session Created: fd249640-fff3-11e9-b832-cf956499e407
[ERROR - 2019-11-05T17:45:02.536Z] Session [fd249640-fff3-11e9-b832-cf956499e407] - page.onError - msg: Error: [mobx.array] Index out of bounds, function (s, l) {var a,f,p=l===n.length-1,d=(0,t.default)((c(a={},i.flyoutSectionListElement,!0),c(a,i.flyoutLastElement,p&&u),a)),y=(0,t.default)((c(f={},i.textWrapper,!0),c(f,i.notFoundWrapper,r.props.isNotFoundStyle),f));return e.createElement("li",{key:l,className:d,onClick:r.handleTermClick(s)},e.createElement("div",{className:i.flyoutSectionTextElement},e.createElement("div",{className:y},(0,o.strongifyMatchingText)(s,r.props.searchQuery))));} is larger than 0
[ERROR - 2019-11-05T17:45:02.536Z] Session [fd249640-fff3-11e9-b832-cf956499e407] - page.onError - stack:
  apply (:0)
[ERROR - 2019-11-05T17:45:02.546Z] Session [fd249640-fff3-11e9-b832-cf956499e407] - page.onError - msg: TypeError: Type error
[ERROR - 2019-11-05T17:45:02.546Z] Session [fd249640-fff3-11e9-b832-cf956499e407] - page.onError - stack:
  apply (:0)
[ERROR - 2019-11-05T17:45:02.549Z] Session [fd249640-fff3-11e9-b832-cf956499e407] - page.onError - msg: Error: [mobx.array] Index out of bounds, function (e, r) {return t.createElement(u.default,{key:r,sourceTypeTwo:"reco",sourceIdTwo:"trending-outfits",sourceTypeThree:"header-flyout"},t.createElement("div",{key:e,className:a.tile,onClick:function(){return o()}},t.createElement(i.default,{key:r,id:e,customStyles:a,position:r,showLike:!1,imageSize:400})));} is larger than 4
[ERROR - 2019-11-05T17:45:02.549Z] Session [fd249640-fff3-11e9-b832-cf956499e407] - page.onError - stack:
  apply (:0)
[ERROR - 2019-11-05T17:45:02.552Z] Session [fd249640-fff3-11e9-b832-cf956499e407] - page.onError - msg: Error: [mobx.array] Index out of bounds, function (e, r) {return t.createElement(a.default,{sourceTypeTwo:"reco",sourceIdTwo:"trending-stories",sourceTypeThree:"header-flyout",key:e},t.createElement("div",{key:e,className:l.tile,onClick:function(){return o()}},t.createElement(i.default,{id:e,useMobileImage:!0,customStyles:l,position:r,imageSize:400,showSaleBubble:!1,location:"singleStoryBadge"})));} is larger than 4
[ERROR - 2019-11-05T17:45:02.552Z] Session [fd249640-fff3-11e9-b832-cf956499e407] - page.onError - stack:
  apply (:0)
[ERROR - 2019-11-05T17:45:02.608Z] Session [fd249640-fff3-11e9-b832-cf956499e407] - page.onError - msg: RangeError: Maximum call stack size exceeded.
[ERROR - 2019-11-05T17:45:02.609Z] Session [fd249640-fff3-11e9-b832-cf956499e407] - page.onError - stack:
  apply (:0)
[ERROR - 2019-11-05T17:45:02.923Z] Session [fd249640-fff3-11e9-b832-cf956499e407] - page.onError - msg: RangeError: Maximum call stack size exceeded.
[ERROR - 2019-11-05T17:45:02.923Z] Session [fd249640-fff3-11e9-b832-cf956499e407] - page.onError - stack:
  apply (:0)
[ERROR - 2019-11-05T17:45:03.282Z] Session [fd249640-fff3-11e9-b832-cf956499e407] - page.onError - msg: RangeError: Maximum call stack size exceeded.
[ERROR - 2019-11-05T17:45:03.283Z] Session [fd249640-fff3-11e9-b832-cf956499e407] - page.onError - stack:
  apply (:0)
[ERROR - 2019-11-05T17:45:03.669Z] Session [fd249640-fff3-11e9-b832-cf956499e407] - page.onError - msg: RangeError: Maximum call stack size exceeded.
[ERROR - 2019-11-05T17:45:03.669Z] Session [fd249640-fff3-11e9-b832-cf956499e407] - page.onError - stack:
  apply (:0)
[ERROR - 2019-11-05T17:45:04.142Z] Session [fd249640-fff3-11e9-b832-cf956499e407] - page.onError - msg: RangeError: Maximum call stack size exceeded.
[ERROR - 2019-11-05T17:45:04.142Z] Session [fd249640-fff3-11e9-b832-cf956499e407] - page.onError - stack:
  apply (:0)
[INFO  - 2019-11-05T17:46:52.827Z] SessionManagerReqHand - _cleanupWindowlessSessions - Asynchronous Sessions clean-up phase starting NOW
[INFO  - 2019-11-05T17:47:30.824Z] GhostDriver - Main - running on port 37060
[INFO  - 2019-11-05T17:47:31.310Z] Session [57498590-fff4-11e9-ba11-1f1ccb3438ad] - page.settings - {"XSSAuditingEnabled":false,"javascriptCanCloseWindows":true,"javascriptCanOpenWindows":true,"javascriptEnabled":true,"loadImages":true,"localToRemoteUrlAccessEnabled":false,"userAgent":"Mozilla/5.0 (Macintosh; Intel Mac OS X) AppleWebKit/538.1 (KHTML, like Gecko) PhantomJS/2.1.1 Safari/538.1","webSecurityEnabled":true}
[INFO  - 2019-11-05T17:47:31.310Z] Session [57498590-fff4-11e9-ba11-1f1ccb3438ad] - page.customHeaders:  - {}
[INFO  - 2019-11-05T17:47:31.311Z] Session [57498590-fff4-11e9-ba11-1f1ccb3438ad] - Session.negotiatedCapabilities - {"browserName":"phantomjs","version":"2.1.1","driverName":"ghostdriver","driverVersion":"1.2.0","platform":"mac-unknown-64bit","javascriptEnabled":true,"takesScreenshot":true,"handlesAlerts":false,"databaseEnabled":false,"locationContextEnabled":false,"applicationCacheEnabled":false,"browserConnectionEnabled":false,"cssSelectorsEnabled":true,"webStorageEnabled":false,"rotatable":false,"acceptSslCerts":false,"nativeEvents":true,"proxy":{"proxyType":"direct"}}
[INFO  - 2019-11-05T17:47:31.311Z] SessionManagerReqHand - _postNewSessionCommand - New Session Created: 57498590-fff4-11e9-ba11-1f1ccb3438ad
[ERROR - 2019-11-05T17:47:31.601Z] WebElementLocator - _handleLocateCommand - Element(s) NOT Found: GAVE UP. Search Stop Time: 1572976051571
[INFO  - 2019-11-05T17:48:07.825Z] GhostDriver - Main - running on port 6399
[INFO  - 2019-11-05T17:48:08.053Z] Session [6d305d20-fff4-11e9-94a9-ed007b62d85a] - page.settings - {"XSSAuditingEnabled":false,"javascriptCanCloseWindows":true,"javascriptCanOpenWindows":true,"javascriptEnabled":true,"loadImages":true,"localToRemoteUrlAccessEnabled":false,"userAgent":"Mozilla/5.0 (Macintosh; Intel Mac OS X) AppleWebKit/538.1 (KHTML, like Gecko) PhantomJS/2.1.1 Safari/538.1","webSecurityEnabled":true}
[INFO  - 2019-11-05T17:48:08.054Z] Session [6d305d20-fff4-11e9-94a9-ed007b62d85a] - page.customHeaders:  - {}
[INFO  - 2019-11-05T17:48:08.054Z] Session [6d305d20-fff4-11e9-94a9-ed007b62d85a] - Session.negotiatedCapabilities - {"browserName":"phantomjs","version":"2.1.1","driverName":"ghostdriver","driverVersion":"1.2.0","platform":"mac-unknown-64bit","javascriptEnabled":true,"takesScreenshot":true,"handlesAlerts":false,"databaseEnabled":false,"locationContextEnabled":false,"applicationCacheEnabled":false,"browserConnectionEnabled":false,"cssSelectorsEnabled":true,"webStorageEnabled":false,"rotatable":false,"acceptSslCerts":false,"nativeEvents":true,"proxy":{"proxyType":"direct"}}
[INFO  - 2019-11-05T17:48:08.054Z] SessionManagerReqHand - _postNewSessionCommand - New Session Created: 6d305d20-fff4-11e9-94a9-ed007b62d85a
[INFO  - 2019-11-05T17:49:15.149Z] GhostDriver - Main - running on port 12208
[INFO  - 2019-11-05T17:49:15.849Z] Session [95990f50-fff4-11e9-a8a5-f90ea957969b] - page.settings - {"XSSAuditingEnabled":false,"javascriptCanCloseWindows":true,"javascriptCanOpenWindows":true,"javascriptEnabled":true,"loadImages":true,"localToRemoteUrlAccessEnabled":false,"userAgent":"Mozilla/5.0 (Macintosh; Intel Mac OS X) AppleWebKit/538.1 (KHTML, like Gecko) PhantomJS/2.1.1 Safari/538.1","webSecurityEnabled":true}
[INFO  - 2019-11-05T17:49:15.849Z] Session [95990f50-fff4-11e9-a8a5-f90ea957969b] - page.customHeaders:  - {}
[INFO  - 2019-11-05T17:49:15.849Z] Session [95990f50-fff4-11e9-a8a5-f90ea957969b] - Session.negotiatedCapabilities - {"browserName":"phantomjs","version":"2.1.1","driverName":"ghostdriver","driverVersion":"1.2.0","platform":"mac-unknown-64bit","javascriptEnabled":true,"takesScreenshot":true,"handlesAlerts":false,"databaseEnabled":false,"locationContextEnabled":false,"applicationCacheEnabled":false,"browserConnectionEnabled":false,"cssSelectorsEnabled":true,"webStorageEnabled":false,"rotatable":false,"acceptSslCerts":false,"nativeEvents":true,"proxy":{"proxyType":"direct"}}
[INFO  - 2019-11-05T17:49:15.849Z] SessionManagerReqHand - _postNewSessionCommand - New Session Created: 95990f50-fff4-11e9-a8a5-f90ea957969b
[ERROR - 2019-11-05T17:49:18.738Z] Session [95990f50-fff4-11e9-a8a5-f90ea957969b] - page.onError - msg: Error: [mobx.array] Index out of bounds, function (s, l) {var a,f,p=l===n.length-1,d=(0,t.default)((c(a={},i.flyoutSectionListElement,!0),c(a,i.flyoutLastElement,p&&u),a)),y=(0,t.default)((c(f={},i.textWrapper,!0),c(f,i.notFoundWrapper,r.props.isNotFoundStyle),f));return e.createElement("li",{key:l,className:d,onClick:r.handleTermClick(s)},e.createElement("div",{className:i.flyoutSectionTextElement},e.createElement("div",{className:y},(0,o.strongifyMatchingText)(s,r.props.searchQuery))));} is larger than 0
[ERROR - 2019-11-05T17:49:18.739Z] Session [95990f50-fff4-11e9-a8a5-f90ea957969b] - page.onError - stack:
  apply (:0)
[ERROR - 2019-11-05T17:49:18.747Z] Session [95990f50-fff4-11e9-a8a5-f90ea957969b] - page.onError - msg: TypeError: Type error
[ERROR - 2019-11-05T17:49:18.747Z] Session [95990f50-fff4-11e9-a8a5-f90ea957969b] - page.onError - stack:
  apply (:0)
[ERROR - 2019-11-05T17:49:18.750Z] Session [95990f50-fff4-11e9-a8a5-f90ea957969b] - page.onError - msg: Error: [mobx.array] Index out of bounds, function (e, r) {return t.createElement(u.default,{key:r,sourceTypeTwo:"reco",sourceIdTwo:"trending-outfits",sourceTypeThree:"header-flyout"},t.createElement("div",{key:e,className:a.tile,onClick:function(){return o()}},t.createElement(i.default,{key:r,id:e,customStyles:a,position:r,showLike:!1,imageSize:400})));} is larger than 4
[ERROR - 2019-11-05T17:49:18.750Z] Session [95990f50-fff4-11e9-a8a5-f90ea957969b] - page.onError - stack:
  apply (:0)
[ERROR - 2019-11-05T17:49:18.753Z] Session [95990f50-fff4-11e9-a8a5-f90ea957969b] - page.onError - msg: Error: [mobx.array] Index out of bounds, function (e, r) {return t.createElement(a.default,{sourceTypeTwo:"reco",sourceIdTwo:"trending-stories",sourceTypeThree:"header-flyout",key:e},t.createElement("div",{key:e,className:l.tile,onClick:function(){return o()}},t.createElement(i.default,{id:e,useMobileImage:!0,customStyles:l,position:r,imageSize:400,showSaleBubble:!1,location:"singleStoryBadge"})));} is larger than 4
[ERROR - 2019-11-05T17:49:18.753Z] Session [95990f50-fff4-11e9-a8a5-f90ea957969b] - page.onError - stack:
  apply (:0)
[ERROR - 2019-11-05T17:49:18.809Z] Session [95990f50-fff4-11e9-a8a5-f90ea957969b] - page.onError - msg: RangeError: Maximum call stack size exceeded.
[ERROR - 2019-11-05T17:49:18.809Z] Session [95990f50-fff4-11e9-a8a5-f90ea957969b] - page.onError - stack:
  apply (:0)
[ERROR - 2019-11-05T17:49:19.108Z] Session [95990f50-fff4-11e9-a8a5-f90ea957969b] - page.onError - msg: RangeError: Maximum call stack size exceeded.
[ERROR - 2019-11-05T17:49:19.108Z] Session [95990f50-fff4-11e9-a8a5-f90ea957969b] - page.onError - stack:
  apply (:0)
[ERROR - 2019-11-05T17:49:19.476Z] Session [95990f50-fff4-11e9-a8a5-f90ea957969b] - page.onError - msg: RangeError: Maximum call stack size exceeded.
[ERROR - 2019-11-05T17:49:19.476Z] Session [95990f50-fff4-11e9-a8a5-f90ea957969b] - page.onError - stack:
  apply (:0)
[INFO  - 2019-11-05T17:51:52.828Z] SessionManagerReqHand - _cleanupWindowlessSessions - Asynchronous Sessions clean-up phase starting NOW
[INFO  - 2019-11-05T17:52:30.944Z] SessionManagerReqHand - _cleanupWindowlessSessions - Asynchronous Sessions clean-up phase starting NOW
[INFO  - 2019-11-05T17:52:44.172Z] GhostDriver - Main - running on port 32292
[INFO  - 2019-11-05T17:52:44.528Z] Session [11faf2c0-fff5-11e9-8b46-5332b8755606] - page.settings - {"XSSAuditingEnabled":false,"javascriptCanCloseWindows":true,"javascriptCanOpenWindows":true,"javascriptEnabled":true,"loadImages":true,"localToRemoteUrlAccessEnabled":false,"userAgent":"Mozilla/5.0 (Macintosh; Intel Mac OS X) AppleWebKit/538.1 (KHTML, like Gecko) PhantomJS/2.1.1 Safari/538.1","webSecurityEnabled":false}
[INFO  - 2019-11-05T17:52:44.528Z] Session [11faf2c0-fff5-11e9-8b46-5332b8755606] - page.customHeaders:  - {}
[INFO  - 2019-11-05T17:52:44.528Z] Session [11faf2c0-fff5-11e9-8b46-5332b8755606] - Session.negotiatedCapabilities - {"browserName":"phantomjs","version":"2.1.1","driverName":"ghostdriver","driverVersion":"1.2.0","platform":"mac-unknown-64bit","javascriptEnabled":true,"takesScreenshot":true,"handlesAlerts":false,"databaseEnabled":false,"locationContextEnabled":false,"applicationCacheEnabled":false,"browserConnectionEnabled":false,"cssSelectorsEnabled":true,"webStorageEnabled":false,"rotatable":false,"acceptSslCerts":false,"nativeEvents":true,"proxy":{"proxyType":"direct"}}
[INFO  - 2019-11-05T17:52:44.528Z] SessionManagerReqHand - _postNewSessionCommand - New Session Created: 11faf2c0-fff5-11e9-8b46-5332b8755606
[INFO  - 2019-11-05T17:52:45.457Z] ShutdownReqHand - _handle - About to shutdown
[INFO  - 2019-11-05T17:53:07.940Z] SessionManagerReqHand - _cleanupWindowlessSessions - Asynchronous Sessions clean-up phase starting NOW
[INFO  - 2019-11-05T17:53:16.865Z] GhostDriver - Main - running on port 11145
[INFO  - 2019-11-05T17:53:17.158Z] Session [256de420-fff5-11e9-bbd1-e5c59a2f754a] - page.settings - {"XSSAuditingEnabled":false,"javascriptCanCloseWindows":true,"javascriptCanOpenWindows":true,"javascriptEnabled":true,"loadImages":true,"localToRemoteUrlAccessEnabled":false,"userAgent":"Mozilla/5.0 (Macintosh; Intel Mac OS X) AppleWebKit/538.1 (KHTML, like Gecko) PhantomJS/2.1.1 Safari/538.1","webSecurityEnabled":false}
[INFO  - 2019-11-05T17:53:17.158Z] Session [256de420-fff5-11e9-bbd1-e5c59a2f754a] - page.customHeaders:  - {}
[INFO  - 2019-11-05T17:53:17.158Z] Session [256de420-fff5-11e9-bbd1-e5c59a2f754a] - Session.negotiatedCapabilities - {"browserName":"phantomjs","version":"2.1.1","driverName":"ghostdriver","driverVersion":"1.2.0","platform":"mac-unknown-64bit","javascriptEnabled":true,"takesScreenshot":true,"handlesAlerts":false,"databaseEnabled":false,"locationContextEnabled":false,"applicationCacheEnabled":false,"browserConnectionEnabled":false,"cssSelectorsEnabled":true,"webStorageEnabled":false,"rotatable":false,"acceptSslCerts":false,"nativeEvents":true,"proxy":{"proxyType":"direct"}}
[INFO  - 2019-11-05T17:53:17.158Z] SessionManagerReqHand - _postNewSessionCommand - New Session Created: 256de420-fff5-11e9-bbd1-e5c59a2f754a
[ERROR - 2019-11-05T17:53:19.981Z] Session [256de420-fff5-11e9-bbd1-e5c59a2f754a] - page.onError - msg: Error: [mobx.array] Index out of bounds, function (s, l) {var a,f,p=l===n.length-1,d=(0,t.default)((c(a={},i.flyoutSectionListElement,!0),c(a,i.flyoutLastElement,p&&u),a)),y=(0,t.default)((c(f={},i.textWrapper,!0),c(f,i.notFoundWrapper,r.props.isNotFoundStyle),f));return e.createElement("li",{key:l,className:d,onClick:r.handleTermClick(s)},e.createElement("div",{className:i.flyoutSectionTextElement},e.createElement("div",{className:y},(0,o.strongifyMatchingText)(s,r.props.searchQuery))));} is larger than 0
[ERROR - 2019-11-05T17:53:19.982Z] Session [256de420-fff5-11e9-bbd1-e5c59a2f754a] - page.onError - stack:
  apply (:0)
[ERROR - 2019-11-05T17:53:19.989Z] Session [256de420-fff5-11e9-bbd1-e5c59a2f754a] - page.onError - msg: TypeError: Type error
[ERROR - 2019-11-05T17:53:19.990Z] Session [256de420-fff5-11e9-bbd1-e5c59a2f754a] - page.onError - stack:
  apply (:0)
[ERROR - 2019-11-05T17:53:19.993Z] Session [256de420-fff5-11e9-bbd1-e5c59a2f754a] - page.onError - msg: Error: [mobx.array] Index out of bounds, function (e, r) {return t.createElement(u.default,{key:r,sourceTypeTwo:"reco",sourceIdTwo:"trending-outfits",sourceTypeThree:"header-flyout"},t.createElement("div",{key:e,className:a.tile,onClick:function(){return o()}},t.createElement(i.default,{key:r,id:e,customStyles:a,position:r,showLike:!1,imageSize:400})));} is larger than 4
[ERROR - 2019-11-05T17:53:19.993Z] Session [256de420-fff5-11e9-bbd1-e5c59a2f754a] - page.onError - stack:
  apply (:0)
[ERROR - 2019-11-05T17:53:19.996Z] Session [256de420-fff5-11e9-bbd1-e5c59a2f754a] - page.onError - msg: Error: [mobx.array] Index out of bounds, function (e, r) {return t.createElement(a.default,{sourceTypeTwo:"reco",sourceIdTwo:"trending-stories",sourceTypeThree:"header-flyout",key:e},t.createElement("div",{key:e,className:l.tile,onClick:function(){return o()}},t.createElement(i.default,{id:e,useMobileImage:!0,customStyles:l,position:r,imageSize:400,showSaleBubble:!1,location:"singleStoryBadge"})));} is larger than 4
[ERROR - 2019-11-05T17:53:19.996Z] Session [256de420-fff5-11e9-bbd1-e5c59a2f754a] - page.onError - stack:
  apply (:0)
[ERROR - 2019-11-05T17:53:20.049Z] Session [256de420-fff5-11e9-bbd1-e5c59a2f754a] - page.onError - msg: RangeError: Maximum call stack size exceeded.
[ERROR - 2019-11-05T17:53:20.049Z] Session [256de420-fff5-11e9-bbd1-e5c59a2f754a] - page.onError - stack:
  apply (:0)
[ERROR - 2019-11-05T17:53:20.407Z] Session [256de420-fff5-11e9-bbd1-e5c59a2f754a] - page.onError - msg: RangeError: Maximum call stack size exceeded.
[ERROR - 2019-11-05T17:53:20.408Z] Session [256de420-fff5-11e9-bbd1-e5c59a2f754a] - page.onError - stack:
  apply (:0)
[ERROR - 2019-11-05T17:53:20.747Z] Session [256de420-fff5-11e9-bbd1-e5c59a2f754a] - page.onError - msg: RangeError: Maximum call stack size exceeded.
[ERROR - 2019-11-05T17:53:20.747Z] Session [256de420-fff5-11e9-bbd1-e5c59a2f754a] - page.onError - stack:
  apply (:0)
[ERROR - 2019-11-05T17:53:21.208Z] Session [256de420-fff5-11e9-bbd1-e5c59a2f754a] - page.onError - msg: RangeError: Maximum call stack size exceeded.
[ERROR - 2019-11-05T17:53:21.208Z] Session [256de420-fff5-11e9-bbd1-e5c59a2f754a] - page.onError - stack:
  apply (:0)
[ERROR - 2019-11-05T17:53:21.690Z] Session [256de420-fff5-11e9-bbd1-e5c59a2f754a] - page.onError - msg: RangeError: Maximum call stack size exceeded.
[ERROR - 2019-11-05T17:53:21.690Z] Session [256de420-fff5-11e9-bbd1-e5c59a2f754a] - page.onError - stack:
  apply (:0)
[ERROR - 2019-11-05T17:53:22.318Z] Session [256de420-fff5-11e9-bbd1-e5c59a2f754a] - page.onError - msg: RangeError: Maximum call stack size exceeded.
[ERROR - 2019-11-05T17:53:22.318Z] Session [256de420-fff5-11e9-bbd1-e5c59a2f754a] - page.onError - stack:
  apply (:0)
[ERROR - 2019-11-05T17:53:22.986Z] Session [256de420-fff5-11e9-bbd1-e5c59a2f754a] - page.onError - msg: RangeError: Maximum call stack size exceeded.
[ERROR - 2019-11-05T17:53:22.986Z] Session [256de420-fff5-11e9-bbd1-e5c59a2f754a] - page.onError - stack:
  apply (:0)
[ERROR - 2019-11-05T17:53:23.800Z] Session [256de420-fff5-11e9-bbd1-e5c59a2f754a] - page.onError - msg: Error: [mobx.array] Index out of bounds, function (r) {var i=e.getFilterName(t,r);return i?{id:r,slug:t,name:i}:null;} is larger than 0
[ERROR - 2019-11-05T17:53:23.801Z] Session [256de420-fff5-11e9-bbd1-e5c59a2f754a] - page.onError - stack:
  apply (:0)
[ERROR - 2019-11-05T17:53:24.440Z] Session [256de420-fff5-11e9-bbd1-e5c59a2f754a] - page.onError - msg: Error: [mobx.array] Index out of bounds, function (e) {return t.app.service.outfits.getById(e);} is larger than 3
[ERROR - 2019-11-05T17:53:24.440Z] Session [256de420-fff5-11e9-bbd1-e5c59a2f754a] - page.onError - stack:
  apply (:0)
[ERROR - 2019-11-05T17:53:25.010Z] Session [256de420-fff5-11e9-bbd1-e5c59a2f754a] - page.onError - msg: Error: [mobx.array] Index out of bounds, function (e) {return{name:e.name,href:e.url}} is larger than 2
[ERROR - 2019-11-05T17:53:25.011Z] Session [256de420-fff5-11e9-bbd1-e5c59a2f754a] - page.onError - stack:
  apply (:0)
[ERROR - 2019-11-05T17:53:25.650Z] Session [256de420-fff5-11e9-bbd1-e5c59a2f754a] - page.onError - msg: TypeError: undefined is not an object (evaluating 'r.values.map')
[ERROR - 2019-11-05T17:53:25.651Z] Session [256de420-fff5-11e9-bbd1-e5c59a2f754a] - page.onError - stack:
  apply (:0)
[ERROR - 2019-11-05T17:53:26.339Z] Session [256de420-fff5-11e9-bbd1-e5c59a2f754a] - page.onError - msg: Error: [mobx.array] Index out of bounds, function (s, l) {var a,f,p=l===n.length-1,d=(0,t.default)((c(a={},i.flyoutSectionListElement,!0),c(a,i.flyoutLastElement,p&&u),a)),y=(0,t.default)((c(f={},i.textWrapper,!0),c(f,i.notFoundWrapper,r.props.isNotFoundStyle),f));return e.createElement("li",{key:l,className:d,onClick:r.handleTermClick(s)},e.createElement("div",{className:i.flyoutSectionTextElement},e.createElement("div",{className:y},(0,o.strongifyMatchingText)(s,r.props.searchQuery))));} is larger than 0
[ERROR - 2019-11-05T17:53:26.339Z] Session [256de420-fff5-11e9-bbd1-e5c59a2f754a] - page.onError - stack:
  apply (:0)
[INFO  - 2019-11-05T17:55:37.657Z] GhostDriver - Main - running on port 46070
[INFO  - 2019-11-05T17:55:38.108Z] Session [79712780-fff5-11e9-82f2-f1af3edc3fa3] - page.settings - {"XSSAuditingEnabled":false,"javascriptCanCloseWindows":true,"javascriptCanOpenWindows":true,"javascriptEnabled":true,"loadImages":true,"localToRemoteUrlAccessEnabled":false,"userAgent":"Mozilla/5.0 (Macintosh; Intel Mac OS X) AppleWebKit/538.1 (KHTML, like Gecko) PhantomJS/2.1.1 Safari/538.1","webSecurityEnabled":false}
[INFO  - 2019-11-05T17:55:38.108Z] Session [79712780-fff5-11e9-82f2-f1af3edc3fa3] - page.customHeaders:  - {}
[INFO  - 2019-11-05T17:55:38.108Z] Session [79712780-fff5-11e9-82f2-f1af3edc3fa3] - Session.negotiatedCapabilities - {"browserName":"phantomjs","version":"2.1.1","driverName":"ghostdriver","driverVersion":"1.2.0","platform":"mac-unknown-64bit","javascriptEnabled":true,"takesScreenshot":true,"handlesAlerts":false,"databaseEnabled":false,"locationContextEnabled":false,"applicationCacheEnabled":false,"browserConnectionEnabled":false,"cssSelectorsEnabled":true,"webStorageEnabled":false,"rotatable":false,"acceptSslCerts":false,"nativeEvents":true,"proxy":{"proxyType":"direct"}}
[INFO  - 2019-11-05T17:55:38.109Z] SessionManagerReqHand - _postNewSessionCommand - New Session Created: 79712780-fff5-11e9-82f2-f1af3edc3fa3
[ERROR - 2019-11-05T17:55:40.840Z] Session [79712780-fff5-11e9-82f2-f1af3edc3fa3] - page.onError - msg: Error: [mobx.array] Index out of bounds, function (s, l) {var a,f,p=l===n.length-1,d=(0,t.default)((c(a={},i.flyoutSectionListElement,!0),c(a,i.flyoutLastElement,p&&u),a)),y=(0,t.default)((c(f={},i.textWrapper,!0),c(f,i.notFoundWrapper,r.props.isNotFoundStyle),f));return e.createElement("li",{key:l,className:d,onClick:r.handleTermClick(s)},e.createElement("div",{className:i.flyoutSectionTextElement},e.createElement("div",{className:y},(0,o.strongifyMatchingText)(s,r.props.searchQuery))));} is larger than 0
[ERROR - 2019-11-05T17:55:40.840Z] Session [79712780-fff5-11e9-82f2-f1af3edc3fa3] - page.onError - stack:
  apply (:0)
[ERROR - 2019-11-05T17:55:40.848Z] Session [79712780-fff5-11e9-82f2-f1af3edc3fa3] - page.onError - msg: TypeError: Type error
[ERROR - 2019-11-05T17:55:40.848Z] Session [79712780-fff5-11e9-82f2-f1af3edc3fa3] - page.onError - stack:
  apply (:0)
[ERROR - 2019-11-05T17:55:40.852Z] Session [79712780-fff5-11e9-82f2-f1af3edc3fa3] - page.onError - msg: Error: [mobx.array] Index out of bounds, function (e, r) {return t.createElement(u.default,{key:r,sourceTypeTwo:"reco",sourceIdTwo:"trending-outfits",sourceTypeThree:"header-flyout"},t.createElement("div",{key:e,className:a.tile,onClick:function(){return o()}},t.createElement(i.default,{key:r,id:e,customStyles:a,position:r,showLike:!1,imageSize:400})));} is larger than 4
[ERROR - 2019-11-05T17:55:40.852Z] Session [79712780-fff5-11e9-82f2-f1af3edc3fa3] - page.onError - stack:
  apply (:0)
[ERROR - 2019-11-05T17:55:40.854Z] Session [79712780-fff5-11e9-82f2-f1af3edc3fa3] - page.onError - msg: Error: [mobx.array] Index out of bounds, function (e, r) {return t.createElement(a.default,{sourceTypeTwo:"reco",sourceIdTwo:"trending-stories",sourceTypeThree:"header-flyout",key:e},t.createElement("div",{key:e,className:l.tile,onClick:function(){return o()}},t.createElement(i.default,{id:e,useMobileImage:!0,customStyles:l,position:r,imageSize:400,showSaleBubble:!1,location:"singleStoryBadge"})));} is larger than 4
[ERROR - 2019-11-05T17:55:40.855Z] Session [79712780-fff5-11e9-82f2-f1af3edc3fa3] - page.onError - stack:
  apply (:0)
[ERROR - 2019-11-05T17:55:40.900Z] Session [79712780-fff5-11e9-82f2-f1af3edc3fa3] - page.onError - msg: RangeError: Maximum call stack size exceeded.
[ERROR - 2019-11-05T17:55:40.900Z] Session [79712780-fff5-11e9-82f2-f1af3edc3fa3] - page.onError - stack:
  apply (:0)
[ERROR - 2019-11-05T17:55:41.271Z] Session [79712780-fff5-11e9-82f2-f1af3edc3fa3] - page.onError - msg: RangeError: Maximum call stack size exceeded.
[ERROR - 2019-11-05T17:55:41.271Z] Session [79712780-fff5-11e9-82f2-f1af3edc3fa3] - page.onError - stack:
  apply (:0)
[ERROR - 2019-11-05T17:55:41.606Z] Session [79712780-fff5-11e9-82f2-f1af3edc3fa3] - page.onError - msg: RangeError: Maximum call stack size exceeded.
[ERROR - 2019-11-05T17:55:41.606Z] Session [79712780-fff5-11e9-82f2-f1af3edc3fa3] - page.onError - stack:
  apply (:0)
[ERROR - 2019-11-05T17:55:42.065Z] Session [79712780-fff5-11e9-82f2-f1af3edc3fa3] - page.onError - msg: RangeError: Maximum call stack size exceeded.
[ERROR - 2019-11-05T17:55:42.066Z] Session [79712780-fff5-11e9-82f2-f1af3edc3fa3] - page.onError - stack:
  apply (:0)
[INFO  - 2019-11-05T17:56:05.336Z] GhostDriver - Main - running on port 18501
[INFO  - 2019-11-05T17:56:05.586Z] Session [89d1f6e0-fff5-11e9-b815-4b0157ca2a71] - page.settings - {"XSSAuditingEnabled":false,"javascriptCanCloseWindows":true,"javascriptCanOpenWindows":true,"javascriptEnabled":true,"loadImages":true,"localToRemoteUrlAccessEnabled":false,"userAgent":"Mozilla/5.0 (Macintosh; Intel Mac OS X) AppleWebKit/538.1 (KHTML, like Gecko) PhantomJS/2.1.1 Safari/538.1","webSecurityEnabled":false}
[INFO  - 2019-11-05T17:56:05.586Z] Session [89d1f6e0-fff5-11e9-b815-4b0157ca2a71] - page.customHeaders:  - {}
[INFO  - 2019-11-05T17:56:05.586Z] Session [89d1f6e0-fff5-11e9-b815-4b0157ca2a71] - Session.negotiatedCapabilities - {"browserName":"phantomjs","version":"2.1.1","driverName":"ghostdriver","driverVersion":"1.2.0","platform":"mac-unknown-64bit","javascriptEnabled":true,"takesScreenshot":true,"handlesAlerts":false,"databaseEnabled":false,"locationContextEnabled":false,"applicationCacheEnabled":false,"browserConnectionEnabled":false,"cssSelectorsEnabled":true,"webStorageEnabled":false,"rotatable":false,"acceptSslCerts":false,"nativeEvents":true,"proxy":{"proxyType":"direct"}}
[INFO  - 2019-11-05T17:56:05.586Z] SessionManagerReqHand - _postNewSessionCommand - New Session Created: 89d1f6e0-fff5-11e9-b815-4b0157ca2a71
[ERROR - 2019-11-05T17:56:08.257Z] Session [89d1f6e0-fff5-11e9-b815-4b0157ca2a71] - page.onError - msg: Error: [mobx.array] Index out of bounds, function (s, l) {var a,f,p=l===n.length-1,d=(0,t.default)((c(a={},i.flyoutSectionListElement,!0),c(a,i.flyoutLastElement,p&&u),a)),y=(0,t.default)((c(f={},i.textWrapper,!0),c(f,i.notFoundWrapper,r.props.isNotFoundStyle),f));return e.createElement("li",{key:l,className:d,onClick:r.handleTermClick(s)},e.createElement("div",{className:i.flyoutSectionTextElement},e.createElement("div",{className:y},(0,o.strongifyMatchingText)(s,r.props.searchQuery))));} is larger than 0
[ERROR - 2019-11-05T17:56:08.258Z] Session [89d1f6e0-fff5-11e9-b815-4b0157ca2a71] - page.onError - stack:
  apply (:0)
[ERROR - 2019-11-05T17:56:08.269Z] Session [89d1f6e0-fff5-11e9-b815-4b0157ca2a71] - page.onError - msg: TypeError: Type error
[ERROR - 2019-11-05T17:56:08.269Z] Session [89d1f6e0-fff5-11e9-b815-4b0157ca2a71] - page.onError - stack:
  apply (:0)
[ERROR - 2019-11-05T17:56:08.272Z] Session [89d1f6e0-fff5-11e9-b815-4b0157ca2a71] - page.onError - msg: Error: [mobx.array] Index out of bounds, function (e, r) {return t.createElement(u.default,{key:r,sourceTypeTwo:"reco",sourceIdTwo:"trending-outfits",sourceTypeThree:"header-flyout"},t.createElement("div",{key:e,className:a.tile,onClick:function(){return o()}},t.createElement(i.default,{key:r,id:e,customStyles:a,position:r,showLike:!1,imageSize:400})));} is larger than 4
[ERROR - 2019-11-05T17:56:08.273Z] Session [89d1f6e0-fff5-11e9-b815-4b0157ca2a71] - page.onError - stack:
  apply (:0)
[ERROR - 2019-11-05T17:56:08.276Z] Session [89d1f6e0-fff5-11e9-b815-4b0157ca2a71] - page.onError - msg: Error: [mobx.array] Index out of bounds, function (e, r) {return t.createElement(a.default,{sourceTypeTwo:"reco",sourceIdTwo:"trending-stories",sourceTypeThree:"header-flyout",key:e},t.createElement("div",{key:e,className:l.tile,onClick:function(){return o()}},t.createElement(i.default,{id:e,useMobileImage:!0,customStyles:l,position:r,imageSize:400,showSaleBubble:!1,location:"singleStoryBadge"})));} is larger than 4
[ERROR - 2019-11-05T17:56:08.276Z] Session [89d1f6e0-fff5-11e9-b815-4b0157ca2a71] - page.onError - stack:
  apply (:0)
[ERROR - 2019-11-05T17:56:08.325Z] Session [89d1f6e0-fff5-11e9-b815-4b0157ca2a71] - page.onError - msg: RangeError: Maximum call stack size exceeded.
[ERROR - 2019-11-05T17:56:08.325Z] Session [89d1f6e0-fff5-11e9-b815-4b0157ca2a71] - page.onError - stack:
  apply (:0)
[ERROR - 2019-11-05T17:56:08.679Z] Session [89d1f6e0-fff5-11e9-b815-4b0157ca2a71] - page.onError - msg: RangeError: Maximum call stack size exceeded.
[ERROR - 2019-11-05T17:56:08.679Z] Session [89d1f6e0-fff5-11e9-b815-4b0157ca2a71] - page.onError - stack:
  apply (:0)
[ERROR - 2019-11-05T17:56:09.016Z] Session [89d1f6e0-fff5-11e9-b815-4b0157ca2a71] - page.onError - msg: RangeError: Maximum call stack size exceeded.
[ERROR - 2019-11-05T17:56:09.016Z] Session [89d1f6e0-fff5-11e9-b815-4b0157ca2a71] - page.onError - stack:
  apply (:0)
[ERROR - 2019-11-05T17:56:09.449Z] Session [89d1f6e0-fff5-11e9-b815-4b0157ca2a71] - page.onError - msg: RangeError: Maximum call stack size exceeded.
[ERROR - 2019-11-05T17:56:09.450Z] Session [89d1f6e0-fff5-11e9-b815-4b0157ca2a71] - page.onError - stack:
  apply (:0)
[ERROR - 2019-11-05T17:56:09.926Z] Session [89d1f6e0-fff5-11e9-b815-4b0157ca2a71] - page.onError - msg: RangeError: Maximum call stack size exceeded.
[ERROR - 2019-11-05T17:56:09.926Z] Session [89d1f6e0-fff5-11e9-b815-4b0157ca2a71] - page.onError - stack:
  apply (:0)
[INFO  - 2019-11-05T17:56:17.092Z] GhostDriver - Main - running on port 6862
[INFO  - 2019-11-05T17:56:17.466Z] Session [90e6b560-fff5-11e9-988c-b5df7157dd9a] - page.settings - {"XSSAuditingEnabled":false,"javascriptCanCloseWindows":true,"javascriptCanOpenWindows":true,"javascriptEnabled":true,"loadImages":true,"localToRemoteUrlAccessEnabled":false,"userAgent":"Mozilla/5.0 (Macintosh; Intel Mac OS X) AppleWebKit/538.1 (KHTML, like Gecko) PhantomJS/2.1.1 Safari/538.1","webSecurityEnabled":false}
[INFO  - 2019-11-05T17:56:17.466Z] Session [90e6b560-fff5-11e9-988c-b5df7157dd9a] - page.customHeaders:  - {}
[INFO  - 2019-11-05T17:56:17.466Z] Session [90e6b560-fff5-11e9-988c-b5df7157dd9a] - Session.negotiatedCapabilities - {"browserName":"phantomjs","version":"2.1.1","driverName":"ghostdriver","driverVersion":"1.2.0","platform":"mac-unknown-64bit","javascriptEnabled":true,"takesScreenshot":true,"handlesAlerts":false,"databaseEnabled":false,"locationContextEnabled":false,"applicationCacheEnabled":false,"browserConnectionEnabled":false,"cssSelectorsEnabled":true,"webStorageEnabled":false,"rotatable":false,"acceptSslCerts":false,"nativeEvents":true,"proxy":{"proxyType":"direct"}}
[INFO  - 2019-11-05T17:56:17.466Z] SessionManagerReqHand - _postNewSessionCommand - New Session Created: 90e6b560-fff5-11e9-988c-b5df7157dd9a
[ERROR - 2019-11-05T17:56:20.144Z] Session [90e6b560-fff5-11e9-988c-b5df7157dd9a] - page.onError - msg: Error: [mobx.array] Index out of bounds, function (s, l) {var a,f,p=l===n.length-1,d=(0,t.default)((c(a={},i.flyoutSectionListElement,!0),c(a,i.flyoutLastElement,p&&u),a)),y=(0,t.default)((c(f={},i.textWrapper,!0),c(f,i.notFoundWrapper,r.props.isNotFoundStyle),f));return e.createElement("li",{key:l,className:d,onClick:r.handleTermClick(s)},e.createElement("div",{className:i.flyoutSectionTextElement},e.createElement("div",{className:y},(0,o.strongifyMatchingText)(s,r.props.searchQuery))));} is larger than 0
[ERROR - 2019-11-05T17:56:20.144Z] Session [90e6b560-fff5-11e9-988c-b5df7157dd9a] - page.onError - stack:
  apply (:0)
[ERROR - 2019-11-05T17:56:20.152Z] Session [90e6b560-fff5-11e9-988c-b5df7157dd9a] - page.onError - msg: TypeError: Type error
[ERROR - 2019-11-05T17:56:20.152Z] Session [90e6b560-fff5-11e9-988c-b5df7157dd9a] - page.onError - stack:
  apply (:0)
[ERROR - 2019-11-05T17:56:20.155Z] Session [90e6b560-fff5-11e9-988c-b5df7157dd9a] - page.onError - msg: Error: [mobx.array] Index out of bounds, function (e, r) {return t.createElement(u.default,{key:r,sourceTypeTwo:"reco",sourceIdTwo:"trending-outfits",sourceTypeThree:"header-flyout"},t.createElement("div",{key:e,className:a.tile,onClick:function(){return o()}},t.createElement(i.default,{key:r,id:e,customStyles:a,position:r,showLike:!1,imageSize:400})));} is larger than 4
[ERROR - 2019-11-05T17:56:20.155Z] Session [90e6b560-fff5-11e9-988c-b5df7157dd9a] - page.onError - stack:
  apply (:0)
[ERROR - 2019-11-05T17:56:20.158Z] Session [90e6b560-fff5-11e9-988c-b5df7157dd9a] - page.onError - msg: Error: [mobx.array] Index out of bounds, function (e, r) {return t.createElement(a.default,{sourceTypeTwo:"reco",sourceIdTwo:"trending-stories",sourceTypeThree:"header-flyout",key:e},t.createElement("div",{key:e,className:l.tile,onClick:function(){return o()}},t.createElement(i.default,{id:e,useMobileImage:!0,customStyles:l,position:r,imageSize:400,showSaleBubble:!1,location:"singleStoryBadge"})));} is larger than 4
[ERROR - 2019-11-05T17:56:20.158Z] Session [90e6b560-fff5-11e9-988c-b5df7157dd9a] - page.onError - stack:
  apply (:0)
[ERROR - 2019-11-05T17:56:20.207Z] Session [90e6b560-fff5-11e9-988c-b5df7157dd9a] - page.onError - msg: RangeError: Maximum call stack size exceeded.
[ERROR - 2019-11-05T17:56:20.207Z] Session [90e6b560-fff5-11e9-988c-b5df7157dd9a] - page.onError - stack:
  apply (:0)
[ERROR - 2019-11-05T17:56:20.530Z] Session [90e6b560-fff5-11e9-988c-b5df7157dd9a] - page.onError - msg: RangeError: Maximum call stack size exceeded.
[ERROR - 2019-11-05T17:56:20.530Z] Session [90e6b560-fff5-11e9-988c-b5df7157dd9a] - page.onError - stack:
  apply (:0)
[ERROR - 2019-11-05T17:56:20.917Z] Session [90e6b560-fff5-11e9-988c-b5df7157dd9a] - page.onError - msg: RangeError: Maximum call stack size exceeded.
[ERROR - 2019-11-05T17:56:20.917Z] Session [90e6b560-fff5-11e9-988c-b5df7157dd9a] - page.onError - stack:
  apply (:0)
[INFO  - 2019-11-05T17:56:52.830Z] SessionManagerReqHand - _cleanupWindowlessSessions - Asynchronous Sessions clean-up phase starting NOW
[INFO  - 2019-11-05T17:57:30.942Z] SessionManagerReqHand - _cleanupWindowlessSessions - Asynchronous Sessions clean-up phase starting NOW
[INFO  - 2019-11-05T17:58:07.943Z] SessionManagerReqHand - _cleanupWindowlessSessions - Asynchronous Sessions clean-up phase starting NOW
[INFO  - 2019-11-05T18:01:52.827Z] SessionManagerReqHand - _cleanupWindowlessSessions - Asynchronous Sessions clean-up phase starting NOW
[INFO  - 2019-11-05T18:02:30.940Z] SessionManagerReqHand - _cleanupWindowlessSessions - Asynchronous Sessions clean-up phase starting NOW
[INFO  - 2019-11-05T18:03:07.940Z] SessionManagerReqHand - _cleanupWindowlessSessions - Asynchronous Sessions clean-up phase starting NOW
[INFO  - 2019-11-05T18:06:52.826Z] SessionManagerReqHand - _cleanupWindowlessSessions - Asynchronous Sessions clean-up phase starting NOW
[INFO  - 2019-11-05T18:07:30.938Z] SessionManagerReqHand - _cleanupWindowlessSessions - Asynchronous Sessions clean-up phase starting NOW
[INFO  - 2019-11-05T18:08:07.939Z] SessionManagerReqHand - _cleanupWindowlessSessions - Asynchronous Sessions clean-up phase starting NOW
[INFO  - 2019-11-05T18:11:52.825Z] SessionManagerReqHand - _cleanupWindowlessSessions - Asynchronous Sessions clean-up phase starting NOW
[INFO  - 2019-11-05T18:12:30.939Z] SessionManagerReqHand - _cleanupWindowlessSessions - Asynchronous Sessions clean-up phase starting NOW
[INFO  - 2019-11-05T18:13:07.939Z] SessionManagerReqHand - _cleanupWindowlessSessions - Asynchronous Sessions clean-up phase starting NOW
[INFO  - 2019-11-05T18:16:52.829Z] SessionManagerReqHand - _cleanupWindowlessSessions - Asynchronous Sessions clean-up phase starting NOW
[INFO  - 2019-11-05T18:17:30.939Z] SessionManagerReqHand - _cleanupWindowlessSessions - Asynchronous Sessions clean-up phase starting NOW
[INFO  - 2019-11-05T18:18:07.938Z] SessionManagerReqHand - _cleanupWindowlessSessions - Asynchronous Sessions clean-up phase starting NOW
[INFO  - 2019-11-05T18:21:52.832Z] SessionManagerReqHand - _cleanupWindowlessSessions - Asynchronous Sessions clean-up phase starting NOW
[INFO  - 2019-11-05T18:22:30.938Z] SessionManagerReqHand - _cleanupWindowlessSessions - Asynchronous Sessions clean-up phase starting NOW
[INFO  - 2019-11-05T18:23:07.937Z] SessionManagerReqHand - _cleanupWindowlessSessions - Asynchronous Sessions clean-up phase starting NOW
[INFO  - 2019-11-05T18:26:52.831Z] SessionManagerReqHand - _cleanupWindowlessSessions - Asynchronous Sessions clean-up phase starting NOW
[INFO  - 2019-11-05T18:27:30.939Z] SessionManagerReqHand - _cleanupWindowlessSessions - Asynchronous Sessions clean-up phase starting NOW
[INFO  - 2019-11-05T18:28:07.937Z] SessionManagerReqHand - _cleanupWindowlessSessions - Asynchronous Sessions clean-up phase starting NOW
[INFO  - 2019-11-05T18:31:52.829Z] SessionManagerReqHand - _cleanupWindowlessSessions - Asynchronous Sessions clean-up phase starting NOW
[INFO  - 2019-11-05T18:32:30.937Z] SessionManagerReqHand - _cleanupWindowlessSessions - Asynchronous Sessions clean-up phase starting NOW
[INFO  - 2019-11-05T18:33:07.935Z] SessionManagerReqHand - _cleanupWindowlessSessions - Asynchronous Sessions clean-up phase starting NOW
[INFO  - 2019-11-05T18:36:52.828Z] SessionManagerReqHand - _cleanupWindowlessSessions - Asynchronous Sessions clean-up phase starting NOW
[INFO  - 2019-11-05T18:37:30.935Z] SessionManagerReqHand - _cleanupWindowlessSessions - Asynchronous Sessions clean-up phase starting NOW
[INFO  - 2019-11-05T18:38:07.934Z] SessionManagerReqHand - _cleanupWindowlessSessions - Asynchronous Sessions clean-up phase starting NOW
[INFO  - 2019-11-05T18:41:52.830Z] SessionManagerReqHand - _cleanupWindowlessSessions - Asynchronous Sessions clean-up phase starting NOW
[INFO  - 2019-11-05T18:42:30.937Z] SessionManagerReqHand - _cleanupWindowlessSessions - Asynchronous Sessions clean-up phase starting NOW
[INFO  - 2019-11-05T18:43:07.936Z] SessionManagerReqHand - _cleanupWindowlessSessions - Asynchronous Sessions clean-up phase starting NOW
[INFO  - 2019-11-05T18:46:52.826Z] SessionManagerReqHand - _cleanupWindowlessSessions - Asynchronous Sessions clean-up phase starting NOW
[INFO  - 2019-11-05T18:47:31.036Z] SessionManagerReqHand - _cleanupWindowlessSessions - Asynchronous Sessions clean-up phase starting NOW
[INFO  - 2019-11-05T18:48:07.935Z] SessionManagerReqHand - _cleanupWindowlessSessions - Asynchronous Sessions clean-up phase starting NOW
[INFO  - 2019-11-05T18:51:52.826Z] SessionManagerReqHand - _cleanupWindowlessSessions - Asynchronous Sessions clean-up phase starting NOW
[INFO  - 2019-11-05T18:52:30.936Z] SessionManagerReqHand - _cleanupWindowlessSessions - Asynchronous Sessions clean-up phase starting NOW
[INFO  - 2019-11-05T18:53:07.936Z] SessionManagerReqHand - _cleanupWindowlessSessions - Asynchronous Sessions clean-up phase starting NOW
[INFO  - 2019-11-05T18:56:52.831Z] SessionManagerReqHand - _cleanupWindowlessSessions - Asynchronous Sessions clean-up phase starting NOW
[INFO  - 2019-11-05T18:57:30.933Z] SessionManagerReqHand - _cleanupWindowlessSessions - Asynchronous Sessions clean-up phase starting NOW
[INFO  - 2019-11-05T18:58:07.934Z] SessionManagerReqHand - _cleanupWindowlessSessions - Asynchronous Sessions clean-up phase starting NOW
[INFO  - 2019-11-05T19:01:52.820Z] SessionManagerReqHand - _cleanupWindowlessSessions - Asynchronous Sessions clean-up phase starting NOW
[INFO  - 2019-11-05T19:02:30.933Z] SessionManagerReqHand - _cleanupWindowlessSessions - Asynchronous Sessions clean-up phase starting NOW
[INFO  - 2019-11-05T19:03:07.935Z] SessionManagerReqHand - _cleanupWindowlessSessions - Asynchronous Sessions clean-up phase starting NOW
[INFO  - 2019-11-05T19:06:52.820Z] SessionManagerReqHand - _cleanupWindowlessSessions - Asynchronous Sessions clean-up phase starting NOW
[INFO  - 2019-11-05T19:07:30.936Z] SessionManagerReqHand - _cleanupWindowlessSessions - Asynchronous Sessions clean-up phase starting NOW
[INFO  - 2019-11-05T19:08:07.940Z] SessionManagerReqHand - _cleanupWindowlessSessions - Asynchronous Sessions clean-up phase starting NOW
[INFO  - 2019-11-05T19:11:52.820Z] SessionManagerReqHand - _cleanupWindowlessSessions - Asynchronous Sessions clean-up phase starting NOW
[INFO  - 2019-11-05T19:12:30.935Z] SessionManagerReqHand - _cleanupWindowlessSessions - Asynchronous Sessions clean-up phase starting NOW
[INFO  - 2019-11-05T19:13:07.941Z] SessionManagerReqHand - _cleanupWindowlessSessions - Asynchronous Sessions clean-up phase starting NOW
[INFO  - 2019-11-05T19:16:52.818Z] SessionManagerReqHand - _cleanupWindowlessSessions - Asynchronous Sessions clean-up phase starting NOW
[INFO  - 2019-11-05T19:17:30.934Z] SessionManagerReqHand - _cleanupWindowlessSessions - Asynchronous Sessions clean-up phase starting NOW
[INFO  - 2019-11-05T19:18:07.942Z] SessionManagerReqHand - _cleanupWindowlessSessions - Asynchronous Sessions clean-up phase starting NOW
[INFO  - 2019-11-05T19:21:52.818Z] SessionManagerReqHand - _cleanupWindowlessSessions - Asynchronous Sessions clean-up phase starting NOW
[INFO  - 2019-11-05T19:22:30.939Z] SessionManagerReqHand - _cleanupWindowlessSessions - Asynchronous Sessions clean-up phase starting NOW
[INFO  - 2019-11-05T19:23:07.945Z] SessionManagerReqHand - _cleanupWindowlessSessions - Asynchronous Sessions clean-up phase starting NOW
[INFO  - 2019-11-05T19:26:52.818Z] SessionManagerReqHand - _cleanupWindowlessSessions - Asynchronous Sessions clean-up phase starting NOW
[INFO  - 2019-11-05T19:27:30.939Z] SessionManagerReqHand - _cleanupWindowlessSessions - Asynchronous Sessions clean-up phase starting NOW
[INFO  - 2019-11-05T19:28:07.944Z] SessionManagerReqHand - _cleanupWindowlessSessions - Asynchronous Sessions clean-up phase starting NOW
[INFO  - 2019-11-05T19:31:52.816Z] SessionManagerReqHand - _cleanupWindowlessSessions - Asynchronous Sessions clean-up phase starting NOW
[INFO  - 2019-11-05T19:32:30.947Z] SessionManagerReqHand - _cleanupWindowlessSessions - Asynchronous Sessions clean-up phase starting NOW
[INFO  - 2019-11-05T19:33:07.948Z] SessionManagerReqHand - _cleanupWindowlessSessions - Asynchronous Sessions clean-up phase starting NOW
[INFO  - 2019-11-05T19:36:52.815Z] SessionManagerReqHand - _cleanupWindowlessSessions - Asynchronous Sessions clean-up phase starting NOW
[INFO  - 2019-11-05T19:37:30.945Z] SessionManagerReqHand - _cleanupWindowlessSessions - Asynchronous Sessions clean-up phase starting NOW
[INFO  - 2019-11-05T19:38:07.951Z] SessionManagerReqHand - _cleanupWindowlessSessions - Asynchronous Sessions clean-up phase starting NOW
[INFO  - 2019-11-05T19:41:52.814Z] SessionManagerReqHand - _cleanupWindowlessSessions - Asynchronous Sessions clean-up phase starting NOW
[INFO  - 2019-11-05T19:42:30.945Z] SessionManagerReqHand - _cleanupWindowlessSessions - Asynchronous Sessions clean-up phase starting NOW
[INFO  - 2019-11-05T19:43:07.953Z] SessionManagerReqHand - _cleanupWindowlessSessions - Asynchronous Sessions clean-up phase starting NOW
[INFO  - 2019-11-05T19:46:52.816Z] SessionManagerReqHand - _cleanupWindowlessSessions - Asynchronous Sessions clean-up phase starting NOW
[INFO  - 2019-11-05T19:47:30.946Z] SessionManagerReqHand - _cleanupWindowlessSessions - Asynchronous Sessions clean-up phase starting NOW
[INFO  - 2019-11-05T19:48:07.950Z] SessionManagerReqHand - _cleanupWindowlessSessions - Asynchronous Sessions clean-up phase starting NOW
[INFO  - 2019-11-05T19:51:52.814Z] SessionManagerReqHand - _cleanupWindowlessSessions - Asynchronous Sessions clean-up phase starting NOW
[INFO  - 2019-11-05T19:52:30.950Z] SessionManagerReqHand - _cleanupWindowlessSessions - Asynchronous Sessions clean-up phase starting NOW
[INFO  - 2019-11-05T19:53:07.950Z] SessionManagerReqHand - _cleanupWindowlessSessions - Asynchronous Sessions clean-up phase starting NOW
[INFO  - 2019-11-05T19:56:52.817Z] SessionManagerReqHand - _cleanupWindowlessSessions - Asynchronous Sessions clean-up phase starting NOW
[INFO  - 2019-11-05T19:57:30.951Z] SessionManagerReqHand - _cleanupWindowlessSessions - Asynchronous Sessions clean-up phase starting NOW
[INFO  - 2019-11-05T19:58:07.951Z] SessionManagerReqHand - _cleanupWindowlessSessions - Asynchronous Sessions clean-up phase starting NOW
[INFO  - 2019-11-05T20:01:52.815Z] SessionManagerReqHand - _cleanupWindowlessSessions - Asynchronous Sessions clean-up phase starting NOW
[INFO  - 2019-11-05T20:02:30.950Z] SessionManagerReqHand - _cleanupWindowlessSessions - Asynchronous Sessions clean-up phase starting NOW
[INFO  - 2019-11-05T20:03:07.950Z] SessionManagerReqHand - _cleanupWindowlessSessions - Asynchronous Sessions clean-up phase starting NOW
[INFO  - 2019-11-05T20:06:52.814Z] SessionManagerReqHand - _cleanupWindowlessSessions - Asynchronous Sessions clean-up phase starting NOW
[INFO  - 2019-11-05T20:07:30.948Z] SessionManagerReqHand - _cleanupWindowlessSessions - Asynchronous Sessions clean-up phase starting NOW
[INFO  - 2019-11-05T20:08:07.951Z] SessionManagerReqHand - _cleanupWindowlessSessions - Asynchronous Sessions clean-up phase starting NOW
[INFO  - 2019-11-05T20:11:52.816Z] SessionManagerReqHand - _cleanupWindowlessSessions - Asynchronous Sessions clean-up phase starting NOW
[INFO  - 2019-11-05T20:12:30.948Z] SessionManagerReqHand - _cleanupWindowlessSessions - Asynchronous Sessions clean-up phase starting NOW
[INFO  - 2019-11-05T20:13:07.955Z] SessionManagerReqHand - _cleanupWindowlessSessions - Asynchronous Sessions clean-up phase starting NOW
[INFO  - 2019-11-05T20:16:52.817Z] SessionManagerReqHand - _cleanupWindowlessSessions - Asynchronous Sessions clean-up phase starting NOW
[INFO  - 2019-11-05T20:17:30.949Z] SessionManagerReqHand - _cleanupWindowlessSessions - Asynchronous Sessions clean-up phase starting NOW
[INFO  - 2019-11-05T20:18:07.953Z] SessionManagerReqHand - _cleanupWindowlessSessions - Asynchronous Sessions clean-up phase starting NOW
[INFO  - 2019-11-05T20:21:52.815Z] SessionManagerReqHand - _cleanupWindowlessSessions - Asynchronous Sessions clean-up phase starting NOW
[INFO  - 2019-11-05T20:22:30.949Z] SessionManagerReqHand - _cleanupWindowlessSessions - Asynchronous Sessions clean-up phase starting NOW
[INFO  - 2019-11-05T20:23:07.951Z] SessionManagerReqHand - _cleanupWindowlessSessions - Asynchronous Sessions clean-up phase starting NOW
[INFO  - 2019-11-05T20:26:52.813Z] SessionManagerReqHand - _cleanupWindowlessSessions - Asynchronous Sessions clean-up phase starting NOW
[INFO  - 2019-11-05T20:27:30.950Z] SessionManagerReqHand - _cleanupWindowlessSessions - Asynchronous Sessions clean-up phase starting NOW
[INFO  - 2019-11-05T20:28:07.951Z] SessionManagerReqHand - _cleanupWindowlessSessions - Asynchronous Sessions clean-up phase starting NOW
[INFO  - 2019-11-05T20:31:52.812Z] SessionManagerReqHand - _cleanupWindowlessSessions - Asynchronous Sessions clean-up phase starting NOW
[INFO  - 2019-11-05T20:32:30.948Z] SessionManagerReqHand - _cleanupWindowlessSessions - Asynchronous Sessions clean-up phase starting NOW
[INFO  - 2019-11-05T20:33:07.950Z] SessionManagerReqHand - _cleanupWindowlessSessions - Asynchronous Sessions clean-up phase starting NOW
[INFO  - 2019-11-05T20:36:52.812Z] SessionManagerReqHand - _cleanupWindowlessSessions - Asynchronous Sessions clean-up phase starting NOW
[INFO  - 2019-11-05T20:37:30.950Z] SessionManagerReqHand - _cleanupWindowlessSessions - Asynchronous Sessions clean-up phase starting NOW
[INFO  - 2019-11-05T20:38:07.951Z] SessionManagerReqHand - _cleanupWindowlessSessions - Asynchronous Sessions clean-up phase starting NOW
[INFO  - 2019-11-05T20:41:52.814Z] SessionManagerReqHand - _cleanupWindowlessSessions - Asynchronous Sessions clean-up phase starting NOW
[INFO  - 2019-11-05T20:42:30.949Z] SessionManagerReqHand - _cleanupWindowlessSessions - Asynchronous Sessions clean-up phase starting NOW
[INFO  - 2019-11-05T20:43:07.950Z] SessionManagerReqHand - _cleanupWindowlessSessions - Asynchronous Sessions clean-up phase starting NOW
[INFO  - 2019-11-05T20:46:52.814Z] SessionManagerReqHand - _cleanupWindowlessSessions - Asynchronous Sessions clean-up phase starting NOW
[INFO  - 2019-11-05T20:47:30.949Z] SessionManagerReqHand - _cleanupWindowlessSessions - Asynchronous Sessions clean-up phase starting NOW
[INFO  - 2019-11-05T20:48:07.953Z] SessionManagerReqHand - _cleanupWindowlessSessions - Asynchronous Sessions clean-up phase starting NOW
[INFO  - 2019-11-05T20:51:52.812Z] SessionManagerReqHand - _cleanupWindowlessSessions - Asynchronous Sessions clean-up phase starting NOW
[INFO  - 2019-11-05T20:52:30.948Z] SessionManagerReqHand - _cleanupWindowlessSessions - Asynchronous Sessions clean-up phase starting NOW
[INFO  - 2019-11-05T20:53:07.953Z] SessionManagerReqHand - _cleanupWindowlessSessions - Asynchronous Sessions clean-up phase starting NOW
[INFO  - 2019-11-05T20:56:52.813Z] SessionManagerReqHand - _cleanupWindowlessSessions - Asynchronous Sessions clean-up phase starting NOW
[INFO  - 2019-11-05T20:57:30.948Z] SessionManagerReqHand - _cleanupWindowlessSessions - Asynchronous Sessions clean-up phase starting NOW
[INFO  - 2019-11-05T20:58:07.958Z] SessionManagerReqHand - _cleanupWindowlessSessions - Asynchronous Sessions clean-up phase starting NOW
[INFO  - 2019-11-05T21:01:52.814Z] SessionManagerReqHand - _cleanupWindowlessSessions - Asynchronous Sessions clean-up phase starting NOW
[INFO  - 2019-11-05T21:02:30.947Z] SessionManagerReqHand - _cleanupWindowlessSessions - Asynchronous Sessions clean-up phase starting NOW
[INFO  - 2019-11-05T21:03:07.959Z] SessionManagerReqHand - _cleanupWindowlessSessions - Asynchronous Sessions clean-up phase starting NOW
